\BOOKMARK [0][-]{chapter.1}{\376\377\173\200\116\313}{}% 1
\BOOKMARK [0][-]{chapter.2}{\376\377\137\025\122\233\164\006\213\272\166\204\153\143\122\031\210\150\217\360}{}% 2
\BOOKMARK [1][-]{section.2.1}{\376\377\000A\000D\000M\000\040\000f\000o\000r\000m\000u\000l\000a\000t\000i\000o\000n}{chapter.2}% 3
\BOOKMARK [1][-]{section.2.2}{\376\377\221\317\133\120\121\340\117\125\122\250\122\233\133\146\377\010\000Q\000G\000D\377\011}{chapter.2}% 4
\BOOKMARK [1][-]{section.2.3}{\376\377\000P\000a\000l\000a\000t\000i\000n\000i\117\134\165\050\221\317\124\214\000H\000o\000l\000s\000t\117\134\165\050\221\317}{chapter.2}% 5
\BOOKMARK [1][-]{section.2.4}{\376\377\000A\000s\000h\000t\000e\000k\000a\000r\000\040\123\330\221\317}{chapter.2}% 6
\BOOKMARK [0][-]{chapter.3}{\376\377\153\143\122\031\127\010\221\317\133\120\137\025\122\233\377\032\221\317\133\120\123\026\172\013\136\217}{}% 7
\BOOKMARK [1][-]{section.3.1}{\376\377\221\317\133\120\123\026\166\204\121\306\131\007\135\345\117\134}{chapter.3}% 8
\BOOKMARK [1][-]{section.3.2}{\376\377\173\054\116\000\174\173\176\246\147\137\174\373\176\337\166\204\221\317\133\120\123\026}{chapter.3}% 9
\BOOKMARK [2][-]{subsection.3.2.1}{\376\377\000R\000e\000f\000i\000n\000e\000d\000\040\000A\000l\000g\000e\000b\000r\000a\000i\000c\000\040\000Q\000u\000a\000n\000t\000i\000z\000a\000t\000i\000o\000n\377\010\000R\000A\000Q\377\011}{section.3.2}% 10
\BOOKMARK [2][-]{subsection.3.2.2}{\376\377\000M\000a\000s\000t\000e\000r\000\040\000C\000o\000n\000s\000t\000r\000a\000i\000n\000t\000\040\000A\000p\000p\000r\000o\000a\000c\000h}{section.3.2}% 11
\BOOKMARK [0][-]{chapter.4}{\376\377\153\143\122\031\127\010\221\317\133\120\137\025\122\233\166\204\217\320\122\250\133\146\377\032\116\343\145\160\123\312\121\166\210\150\171\072}{}% 12
\BOOKMARK [1][-]{section.4.1}{\376\377\000H\000o\000l\000o\000n\000o\000m\000y\000-\000F\000l\000u\000x\000\040\116\343\145\160\000\040\000B}{chapter.4}% 13
\BOOKMARK [1][-]{section.4.2}{\376\377\000B\000\040\166\204\210\150\171\072\116\016\000\040\000k\000i\000n\000e\000m\000a\000t\000i\000c\000a\000l\000\040\136\014\134\024\117\057\162\171\172\172\225\364}{chapter.4}% 14
\BOOKMARK [2][-]{subsection.4.2.1}{\376\377\221\317\133\120\117\115\127\213\172\172\225\364}{section.4.2}% 15
\BOOKMARK [2][-]{subsection.4.2.2}{\376\377\221\317\133\120\117\115\127\213\172\172\225\364\116\012\166\204\142\323\142\121}{section.4.2}% 16
\BOOKMARK [2][-]{subsection.4.2.3}{\376\377\221\317\133\120\117\115\127\213\172\172\225\364\116\012\166\204\155\113\136\246}{section.4.2}% 17
\BOOKMARK [2][-]{subsection.4.2.4}{\376\377\000B\000\040\127\050\136\014\134\024\117\057\162\171\172\172\225\364\000\040\000H\000\040\116\012\166\204\210\150\171\072}{section.4.2}% 18
\BOOKMARK [0][-]{chapter.5}{\376\377\221\317\133\120\176\246\147\137\166\204\154\102\211\343\123\312\122\250\122\233\133\146}{}% 19
\BOOKMARK [1][-]{section.5.1}{\376\377\221\317\133\120\232\330\145\257\176\246\147\137}{chapter.5}% 20
\BOOKMARK [1][-]{section.5.2}{\376\377\221\317\133\120\137\256\122\006\124\014\200\332\176\246\147\137}{chapter.5}% 21
\BOOKMARK [1][-]{section.5.3}{\376\377\221\317\133\120\122\250\122\233\133\146\040\024\040\024\124\310\133\306\230\177\176\246\147\137}{chapter.5}% 22
\BOOKMARK [0][-]{chapter.6}{\376\377\153\143\122\031\127\010\221\317\133\120\137\025\122\233\166\204\136\224\165\050\123\312\123\321\134\125}{}% 23
\BOOKMARK [1][-]{section.6.1}{\376\377\221\317\133\120\121\340\117\125\040\024\040\024\227\142\171\357\173\227\173\046}{chapter.6}% 24
\BOOKMARK [1][-]{section.6.2}{\376\377\127\010\221\317\133\120\137\025\122\233\116\055\166\204\166\370\136\162\140\001}{chapter.6}% 25
\BOOKMARK [1][-]{section.6.3}{\376\377\127\010\221\317\133\120\133\207\133\231\133\146}{chapter.6}% 26
\BOOKMARK [0][-]{chapter.7}{\376\377\123\117\123\330\127\010\221\317\133\120\137\025\122\233\040\024\040\024\000s\000p\000i\000n\000f\000o\000a\000m\000\040\152\041\127\213}{}% 27
\BOOKMARK [1][-]{section.7.1}{\376\377\123\125\131\015\137\142\166\204\133\371\120\166\131\015\137\142}{chapter.7}% 28
\BOOKMARK [1][-]{section.7.2}{\376\377\116\011\176\364\153\047\137\017\137\025\122\233\377\032\000P\000o\000n\000z\000a\000n\000o\000-\000R\000e\000g\000g\000e\000\040\152\041\127\213}{chapter.7}% 29
\BOOKMARK [1][-]{section.7.3}{\376\377\000B\000F\000\040\164\006\213\272\116\016\137\025\122\233}{chapter.7}% 30
\BOOKMARK [1][-]{section.7.4}{\376\377\000B\000F\000\040\164\006\213\272\166\204\000\040\000s\000p\000i\000n\000f\000o\000a\000m\000\040\221\317\133\120\123\026}{chapter.7}% 31
\BOOKMARK [1][-]{section.7.5}{\376\377\176\317\121\170\000s\000p\000i\000n\000f\000o\000a\000m\137\025\122\233}{chapter.7}% 32
\BOOKMARK [1][-]{section.7.6}{\376\377\000S\000L\000\050\0002\000,\000C\000\051\000\040\166\204\116\015\123\357\176\246\221\111\210\150\171\072}{chapter.7}% 33
\BOOKMARK [1][-]{section.7.7}{\376\377\217\271\165\114\140\001\123\312\000L\000Q\000G}{chapter.7}% 34
\BOOKMARK [1][-]{section.7.8}{\376\377\000s\000p\000i\000n\000f\000o\000a\000m\000\040\221\115\122\006\121\375\145\160\116\016\215\303\217\301\143\057\136\105}{chapter.7}% 35
\BOOKMARK [1][-]{section.7.9}{\376\377\166\370\136\162\140\001\210\150\171\072}{chapter.7}% 36
\BOOKMARK [1][-]{section.7.10}{\376\377\123\112\176\317\121\170\147\201\226\120\116\016\171\273\145\143\121\340\117\125}{chapter.7}% 37
\BOOKMARK [0][-]{equation.7.10.54}{\376\377\123\302\200\003\145\207\163\056}{}% 38
